This file contains any messages produced by compilers while
running configure, to aid debugging if configure makes a mistake.

It was created by glog configure 0.3.2, which was
generated by GNU Autoconf 2.65.  Invocation command line was

  $ ./configure --with-gflags=/usr/local/

## --------- ##
## Platform. ##
## --------- ##

hostname = vision15
uname -m = x86_64
uname -r = 2.6.32-5-amd64
uname -s = Linux
uname -v = #1 SMP Mon Jan 16 16:22:28 UTC 2012

/usr/bin/uname -p = unknown
/bin/uname -X     = unknown

/bin/arch              = unknown
/usr/bin/arch -k       = unknown
/usr/convex/getsysinfo = unknown
/usr/bin/hostinfo      = unknown
/bin/machine           = unknown
/usr/bin/oslevel       = unknown
/bin/universe          = unknown

PATH: /afs/csail.mit.edu/system/amd64_linux26/matlab/latest/bin
PATH: /usr/local/csail/bin
PATH: /usr/local/bin
PATH: /usr/bin
PATH: /bin
PATH: /usr/bin/X11
PATH: /usr/games
PATH: /afs/csail.mit.edu/@sys/local/bin


## ----------- ##
## Core tests. ##
## ----------- ##

configure:2869: checking for a BSD-compatible install
configure:2937: result: /usr/bin/install -c
configure:2948: checking whether build environment is sane
configure:2998: result: yes
configure:3139: checking for a thread-safe mkdir -p
configure:3178: result: /bin/mkdir -p
configure:3191: checking for gawk
configure:3207: found /usr/bin/gawk
configure:3218: result: gawk
configure:3229: checking whether make sets $(MAKE)
configure:3251: result: yes
configure:3390: checking for gcc
configure:3406: found /usr/bin/gcc
configure:3417: result: gcc
configure:3646: checking for C compiler version
configure:3655: gcc --version >&5
gcc (Debian 4.4.5-8) 4.4.5
Copyright (C) 2010 Free Software Foundation, Inc.
This is free software; see the source for copying conditions.  There is NO
warranty; not even for MERCHANTABILITY or FITNESS FOR A PARTICULAR PURPOSE.

configure:3666: $? = 0
configure:3655: gcc -v >&5
Using built-in specs.
Target: x86_64-linux-gnu
Configured with: ../src/configure -v --with-pkgversion='Debian 4.4.5-8' --with-bugurl=file:///usr/share/doc/gcc-4.4/README.Bugs --enable-languages=c,c++,fortran,objc,obj-c++ --prefix=/usr --program-suffix=-4.4 --enable-shared --enable-multiarch --enable-linker-build-id --with-system-zlib --libexecdir=/usr/lib --without-included-gettext --enable-threads=posix --with-gxx-include-dir=/usr/include/c++/4.4 --libdir=/usr/lib --enable-nls --enable-clocale=gnu --enable-libstdcxx-debug --enable-objc-gc --with-arch-32=i586 --with-tune=generic --enable-checking=release --build=x86_64-linux-gnu --host=x86_64-linux-gnu --target=x86_64-linux-gnu
Thread model: posix
gcc version 4.4.5 (Debian 4.4.5-8) 
configure:3666: $? = 0
configure:3655: gcc -V >&5
gcc: '-V' option must have argument
configure:3666: $? = 1
configure:3655: gcc -qversion >&5
gcc: unrecognized option '-qversion'
gcc: no input files
configure:3666: $? = 1
configure:3686: checking whether the C compiler works
configure:3708: gcc    conftest.c  >&5
configure:3712: $? = 0
configure:3761: result: yes
configure:3764: checking for C compiler default output file name
configure:3766: result: a.out
configure:3772: checking for suffix of executables
configure:3779: gcc -o conftest    conftest.c  >&5
configure:3783: $? = 0
configure:3805: result: 
configure:3827: checking whether we are cross compiling
configure:3835: gcc -o conftest    conftest.c  >&5
configure:3839: $? = 0
configure:3846: ./conftest
configure:3850: $? = 0
configure:3865: result: no
configure:3870: checking for suffix of object files
configure:3892: gcc -c   conftest.c >&5
configure:3896: $? = 0
configure:3917: result: o
configure:3921: checking whether we are using the GNU C compiler
configure:3940: gcc -c   conftest.c >&5
configure:3940: $? = 0
configure:3949: result: yes
configure:3958: checking whether gcc accepts -g
configure:3978: gcc -c -g  conftest.c >&5
configure:3978: $? = 0
configure:4019: result: yes
configure:4036: checking for gcc option to accept ISO C89
configure:4100: gcc  -c -g -O2  conftest.c >&5
configure:4100: $? = 0
configure:4113: result: none needed
configure:4144: checking for style of include used by make
configure:4172: result: GNU
configure:4197: checking dependency style of gcc
configure:4307: result: gcc3
configure:4327: checking how to run the C preprocessor
configure:4358: gcc -E  conftest.c
configure:4358: $? = 0
configure:4372: gcc -E  conftest.c
conftest.c:11:28: error: ac_nonexistent.h: No such file or directory
configure:4372: $? = 1
configure: failed program was:
| /* confdefs.h */
| #define PACKAGE_NAME "glog"
| #define PACKAGE_TARNAME "glog"
| #define PACKAGE_VERSION "0.3.2"
| #define PACKAGE_STRING "glog 0.3.2"
| #define PACKAGE_BUGREPORT "opensource@google.com"
| #define PACKAGE_URL ""
| #define PACKAGE "glog"
| #define VERSION "0.3.2"
| /* end confdefs.h.  */
| #include <ac_nonexistent.h>
configure:4397: result: gcc -E
configure:4417: gcc -E  conftest.c
configure:4417: $? = 0
configure:4431: gcc -E  conftest.c
conftest.c:11:28: error: ac_nonexistent.h: No such file or directory
configure:4431: $? = 1
configure: failed program was:
| /* confdefs.h */
| #define PACKAGE_NAME "glog"
| #define PACKAGE_TARNAME "glog"
| #define PACKAGE_VERSION "0.3.2"
| #define PACKAGE_STRING "glog 0.3.2"
| #define PACKAGE_BUGREPORT "opensource@google.com"
| #define PACKAGE_URL ""
| #define PACKAGE "glog"
| #define VERSION "0.3.2"
| /* end confdefs.h.  */
| #include <ac_nonexistent.h>
configure:4517: checking for g++
configure:4533: found /usr/bin/g++
configure:4544: result: g++
configure:4571: checking for C++ compiler version
configure:4580: g++ --version >&5
g++ (Debian 4.4.5-8) 4.4.5
Copyright (C) 2010 Free Software Foundation, Inc.
This is free software; see the source for copying conditions.  There is NO
warranty; not even for MERCHANTABILITY or FITNESS FOR A PARTICULAR PURPOSE.

configure:4591: $? = 0
configure:4580: g++ -v >&5
Using built-in specs.
Target: x86_64-linux-gnu
Configured with: ../src/configure -v --with-pkgversion='Debian 4.4.5-8' --with-bugurl=file:///usr/share/doc/gcc-4.4/README.Bugs --enable-languages=c,c++,fortran,objc,obj-c++ --prefix=/usr --program-suffix=-4.4 --enable-shared --enable-multiarch --enable-linker-build-id --with-system-zlib --libexecdir=/usr/lib --without-included-gettext --enable-threads=posix --with-gxx-include-dir=/usr/include/c++/4.4 --libdir=/usr/lib --enable-nls --enable-clocale=gnu --enable-libstdcxx-debug --enable-objc-gc --with-arch-32=i586 --with-tune=generic --enable-checking=release --build=x86_64-linux-gnu --host=x86_64-linux-gnu --target=x86_64-linux-gnu
Thread model: posix
gcc version 4.4.5 (Debian 4.4.5-8) 
configure:4591: $? = 0
configure:4580: g++ -V >&5
g++: '-V' option must have argument
configure:4591: $? = 1
configure:4580: g++ -qversion >&5
g++: unrecognized option '-qversion'
g++: no input files
configure:4591: $? = 1
configure:4595: checking whether we are using the GNU C++ compiler
configure:4614: g++ -c   conftest.cpp >&5
configure:4614: $? = 0
configure:4623: result: yes
configure:4632: checking whether g++ accepts -g
configure:4652: g++ -c -g  conftest.cpp >&5
configure:4652: $? = 0
configure:4693: result: yes
configure:4718: checking dependency style of g++
configure:4828: result: gcc3
configure:4881: checking build system type
configure:4895: result: x86_64-unknown-linux-gnu
configure:4915: checking host system type
configure:4928: result: x86_64-unknown-linux-gnu
configure:4948: checking for a sed that does not truncate output
configure:5012: result: /bin/sed
configure:5030: checking for grep that handles long lines and -e
configure:5088: result: /bin/grep
configure:5093: checking for egrep
configure:5155: result: /bin/grep -E
configure:5160: checking for fgrep
configure:5222: result: /bin/grep -F
configure:5257: checking for ld used by gcc
configure:5324: result: /usr/bin/ld
configure:5331: checking if the linker (/usr/bin/ld) is GNU ld
configure:5346: result: yes
configure:5358: checking for BSD- or MS-compatible name lister (nm)
configure:5407: result: /usr/bin/nm -B
configure:5525: checking the name lister (/usr/bin/nm -B) interface
configure:5532: g++ -c -g -O2  conftest.cpp >&5
configure:5535: /usr/bin/nm -B "conftest.o"
configure:5538: output
0000000000000000 B some_variable
configure:5545: result: BSD nm
configure:5548: checking whether ln -s works
configure:5552: result: yes
configure:5560: checking the maximum length of command line arguments
configure:5680: result: 1572864
configure:5697: checking whether the shell understands some XSI constructs
configure:5707: result: yes
configure:5711: checking whether the shell understands "+="
configure:5717: result: yes
configure:5752: checking for /usr/bin/ld option to reload object files
configure:5759: result: -r
configure:5828: checking for objdump
configure:5844: found /usr/bin/objdump
configure:5855: result: objdump
configure:5887: checking how to recognize dependent libraries
configure:6083: result: pass_all
configure:6143: checking for ar
configure:6159: found /usr/bin/ar
configure:6170: result: ar
configure:6248: checking for strip
configure:6264: found /usr/bin/strip
configure:6275: result: strip
configure:6347: checking for ranlib
configure:6363: found /usr/bin/ranlib
configure:6374: result: ranlib
configure:6464: checking command to parse /usr/bin/nm -B output from gcc object
configure:6582: g++ -c -g -O2  conftest.cpp >&5
configure:6585: $? = 0
configure:6589: /usr/bin/nm -B conftest.o \| sed -n -e 's/^.*[	 ]\([ABCDGIRSTW][ABCDGIRSTW]*\)[	 ][	 ]*\([_A-Za-z][_A-Za-z0-9]*\)$/\1 \2 \2/p' \> conftest.nm
configure:6592: $? = 0
configure:6646: g++ -o conftest -g -O2   conftest.cpp conftstm.o >&5
configure:6649: $? = 0
configure:6687: result: ok
configure:6783: g++ -c -g -O2  conftest.cpp >&5
configure:6786: $? = 0
configure:7492: checking for ANSI C header files
configure:7512: g++ -c -g -O2  conftest.cpp >&5
configure:7512: $? = 0
./configure: line 7526: conftest.cpp: command not found
configure:7596: result: no
configure:7609: checking for sys/types.h
configure:7609: g++ -c -g -O2  conftest.cpp >&5
configure:7609: $? = 0
configure:7609: result: yes
configure:7609: checking for sys/stat.h
configure:7609: g++ -c -g -O2  conftest.cpp >&5
configure:7609: $? = 0
configure:7609: result: yes
configure:7609: checking for stdlib.h
configure:7609: g++ -c -g -O2  conftest.cpp >&5
configure:7609: $? = 0
configure:7609: result: yes
configure:7609: checking for string.h
configure:7609: g++ -c -g -O2  conftest.cpp >&5
configure:7609: $? = 0
configure:7609: result: yes
configure:7609: checking for memory.h
configure:7609: g++ -c -g -O2  conftest.cpp >&5
configure:7609: $? = 0
configure:7609: result: yes
configure:7609: checking for strings.h
configure:7609: g++ -c -g -O2  conftest.cpp >&5
configure:7609: $? = 0
configure:7609: result: yes
configure:7609: checking for inttypes.h
configure:7609: g++ -c -g -O2  conftest.cpp >&5
configure:7609: $? = 0
configure:7609: result: yes
configure:7609: checking for stdint.h
configure:7609: g++ -c -g -O2  conftest.cpp >&5
configure:7609: $? = 0
configure:7609: result: yes
configure:7609: checking for unistd.h
configure:7609: g++ -c -g -O2  conftest.cpp >&5
configure:7609: $? = 0
configure:7609: result: yes
configure:7624: checking for dlfcn.h
configure:7624: g++ -c -g -O2  conftest.cpp >&5
configure:7624: $? = 0
configure:7624: result: yes
configure:7749: checking for C++ compiler version
configure:7758: g++ --version >&5
g++ (Debian 4.4.5-8) 4.4.5
Copyright (C) 2010 Free Software Foundation, Inc.
This is free software; see the source for copying conditions.  There is NO
warranty; not even for MERCHANTABILITY or FITNESS FOR A PARTICULAR PURPOSE.

configure:7769: $? = 0
configure:7758: g++ -v >&5
Using built-in specs.
Target: x86_64-linux-gnu
Configured with: ../src/configure -v --with-pkgversion='Debian 4.4.5-8' --with-bugurl=file:///usr/share/doc/gcc-4.4/README.Bugs --enable-languages=c,c++,fortran,objc,obj-c++ --prefix=/usr --program-suffix=-4.4 --enable-shared --enable-multiarch --enable-linker-build-id --with-system-zlib --libexecdir=/usr/lib --without-included-gettext --enable-threads=posix --with-gxx-include-dir=/usr/include/c++/4.4 --libdir=/usr/lib --enable-nls --enable-clocale=gnu --enable-libstdcxx-debug --enable-objc-gc --with-arch-32=i586 --with-tune=generic --enable-checking=release --build=x86_64-linux-gnu --host=x86_64-linux-gnu --target=x86_64-linux-gnu
Thread model: posix
gcc version 4.4.5 (Debian 4.4.5-8) 
configure:7769: $? = 0
configure:7758: g++ -V >&5
g++: '-V' option must have argument
configure:7769: $? = 1
configure:7758: g++ -qversion >&5
g++: unrecognized option '-qversion'
g++: no input files
configure:7769: $? = 1
configure:7773: checking whether we are using the GNU C++ compiler
configure:7801: result: yes
configure:7810: checking whether g++ accepts -g
configure:7871: result: yes
configure:7896: checking dependency style of g++
configure:8006: result: gcc3
configure:8029: checking how to run the C++ preprocessor
configure:8056: g++ -E  conftest.cpp
configure:8056: $? = 0
configure:8070: g++ -E  conftest.cpp
conftest.cpp:21:28: error: ac_nonexistent.h: No such file or directory
configure:8070: $? = 1
configure: failed program was:
| /* confdefs.h */
| #define PACKAGE_NAME "glog"
| #define PACKAGE_TARNAME "glog"
| #define PACKAGE_VERSION "0.3.2"
| #define PACKAGE_STRING "glog 0.3.2"
| #define PACKAGE_BUGREPORT "opensource@google.com"
| #define PACKAGE_URL ""
| #define PACKAGE "glog"
| #define VERSION "0.3.2"
| #define HAVE_SYS_TYPES_H 1
| #define HAVE_SYS_STAT_H 1
| #define HAVE_STDLIB_H 1
| #define HAVE_STRING_H 1
| #define HAVE_MEMORY_H 1
| #define HAVE_STRINGS_H 1
| #define HAVE_INTTYPES_H 1
| #define HAVE_STDINT_H 1
| #define HAVE_UNISTD_H 1
| #define HAVE_DLFCN_H 1
| /* end confdefs.h.  */
| #include <ac_nonexistent.h>
configure:8095: result: g++ -E
configure:8115: g++ -E  conftest.cpp
configure:8115: $? = 0
configure:8129: g++ -E  conftest.cpp
conftest.cpp:21:28: error: ac_nonexistent.h: No such file or directory
configure:8129: $? = 1
configure: failed program was:
| /* confdefs.h */
| #define PACKAGE_NAME "glog"
| #define PACKAGE_TARNAME "glog"
| #define PACKAGE_VERSION "0.3.2"
| #define PACKAGE_STRING "glog 0.3.2"
| #define PACKAGE_BUGREPORT "opensource@google.com"
| #define PACKAGE_URL ""
| #define PACKAGE "glog"
| #define VERSION "0.3.2"
| #define HAVE_SYS_TYPES_H 1
| #define HAVE_SYS_STAT_H 1
| #define HAVE_STDLIB_H 1
| #define HAVE_STRING_H 1
| #define HAVE_MEMORY_H 1
| #define HAVE_STRINGS_H 1
| #define HAVE_INTTYPES_H 1
| #define HAVE_STDINT_H 1
| #define HAVE_UNISTD_H 1
| #define HAVE_DLFCN_H 1
| /* end confdefs.h.  */
| #include <ac_nonexistent.h>
configure:8335: checking for objdir
configure:8350: result: .libs
configure:8646: checking if gcc supports -fno-rtti -fno-exceptions
configure:8664: gcc -c -g -O2  -fno-rtti -fno-exceptions conftest.c >&5
cc1: warning: command line option "-fno-rtti" is valid for C++/ObjC++ but not for C
configure:8668: $? = 0
configure:8681: result: no
configure:8701: checking for gcc option to produce PIC
configure:8973: result: -fPIC -DPIC
configure:8985: checking if gcc PIC flag -fPIC -DPIC works
configure:9003: gcc -c -g -O2  -fPIC -DPIC -DPIC conftest.c >&5
configure:9007: $? = 0
configure:9020: result: yes
configure:9044: checking if gcc static flag -static works
configure:9072: result: yes
configure:9087: checking if gcc supports -c -o file.o
configure:9108: gcc -c -g -O2  -o out/conftest2.o conftest.c >&5
configure:9112: $? = 0
configure:9134: result: yes
configure:9142: checking if gcc supports -c -o file.o
configure:9189: result: yes
configure:9222: checking whether the gcc linker (/usr/bin/ld -m elf_x86_64) supports shared libraries
configure:10213: result: yes
configure:10250: checking whether -lc should be explicitly linked in
configure:10255: gcc -c -g -O2  conftest.c >&5
configure:10258: $? = 0
configure:10273: gcc -shared conftest.o  -v -Wl,-soname -Wl,conftest -o conftest 2\>\&1 \| /bin/grep  -lc  \>/dev/null 2\>\&1
configure:10276: $? = 0
configure:10288: result: no
configure:10452: checking dynamic linker characteristics
configure:10885: gcc -o conftest -g -O2   -Wl,-rpath -Wl,/foo conftest.c  >&5
configure:10885: $? = 0
configure:11115: result: GNU/Linux ld.so
configure:11217: checking how to hardcode library paths into programs
configure:11242: result: immediate
configure:11762: checking whether stripping libraries is possible
configure:11767: result: yes
configure:11802: checking if libtool supports shared libraries
configure:11804: result: yes
configure:11807: checking whether to build shared libraries
configure:11828: result: yes
configure:11831: checking whether to build static libraries
configure:11835: result: yes
configure:11985: checking for ld used by g++
configure:12052: result: /usr/bin/ld -m elf_x86_64
configure:12059: checking if the linker (/usr/bin/ld -m elf_x86_64) is GNU ld
configure:12074: result: yes
configure:12129: checking whether the g++ linker (/usr/bin/ld -m elf_x86_64) supports shared libraries
configure:13042: result: yes
configure:13070: g++ -c -g -O2  conftest.cpp >&5
configure:13073: $? = 0
configure:13255: checking for g++ option to produce PIC
configure:13572: result: -fPIC -DPIC
configure:13581: checking if g++ PIC flag -fPIC -DPIC works
configure:13599: g++ -c -g -O2  -fPIC -DPIC -DPIC conftest.cpp >&5
configure:13603: $? = 0
configure:13616: result: yes
configure:13637: checking if g++ static flag -static works
configure:13665: result: yes
configure:13677: checking if g++ supports -c -o file.o
configure:13698: g++ -c -g -O2  -o out/conftest2.o conftest.cpp >&5
configure:13702: $? = 0
configure:13724: result: yes
configure:13729: checking if g++ supports -c -o file.o
configure:13776: result: yes
configure:13806: checking whether the g++ linker (/usr/bin/ld -m elf_x86_64) supports shared libraries
configure:13835: result: yes
configure:13972: checking dynamic linker characteristics
configure:14353: g++ -o conftest -g -O2   -Wl,-rpath -Wl,/foo conftest.cpp  >&5
configure:14353: $? = 0
configure:14583: result: GNU/Linux ld.so
configure:14634: checking how to hardcode library paths into programs
configure:14659: result: immediate
configure:14721: checking for ANSI C header files
configure:14825: result: no
configure:14835: checking for stdint.h
configure:14835: result: yes
configure:14843: checking for sys/types.h
configure:14843: result: yes
configure:14851: checking for inttypes.h
configure:14851: result: yes
configure:14861: checking for unistd.h
configure:14861: result: yes
configure:14875: checking syscall.h usability
configure:14875: g++ -c -g -O2  conftest.cpp >&5
configure:14875: $? = 0
configure:14875: result: yes
configure:14875: checking syscall.h presence
configure:14875: g++ -E  conftest.cpp
configure:14875: $? = 0
configure:14875: result: yes
configure:14875: checking for syscall.h
configure:14875: result: yes
configure:14887: checking sys/syscall.h usability
configure:14887: g++ -c -g -O2  conftest.cpp >&5
configure:14887: $? = 0
configure:14887: result: yes
configure:14887: checking sys/syscall.h presence
configure:14887: g++ -E  conftest.cpp
configure:14887: $? = 0
configure:14887: result: yes
configure:14887: checking for sys/syscall.h
configure:14887: result: yes
configure:14900: checking execinfo.h usability
configure:14900: g++ -c -g -O2  conftest.cpp >&5
configure:14900: $? = 0
configure:14900: result: yes
configure:14900: checking execinfo.h presence
configure:14900: g++ -E  conftest.cpp
configure:14900: $? = 0
configure:14900: result: yes
configure:14900: checking for execinfo.h
configure:14900: result: yes
configure:14913: checking libunwind.h usability
configure:14913: g++ -c -g -O2  conftest.cpp >&5
conftest.cpp:59:23: error: libunwind.h: No such file or directory
configure:14913: $? = 1
configure: failed program was:
| /* confdefs.h */
| #define PACKAGE_NAME "glog"
| #define PACKAGE_TARNAME "glog"
| #define PACKAGE_VERSION "0.3.2"
| #define PACKAGE_STRING "glog 0.3.2"
| #define PACKAGE_BUGREPORT "opensource@google.com"
| #define PACKAGE_URL ""
| #define PACKAGE "glog"
| #define VERSION "0.3.2"
| #define HAVE_SYS_TYPES_H 1
| #define HAVE_SYS_STAT_H 1
| #define HAVE_STDLIB_H 1
| #define HAVE_STRING_H 1
| #define HAVE_MEMORY_H 1
| #define HAVE_STRINGS_H 1
| #define HAVE_INTTYPES_H 1
| #define HAVE_STDINT_H 1
| #define HAVE_UNISTD_H 1
| #define HAVE_DLFCN_H 1
| #define LT_OBJDIR ".libs/"
| #define HAVE_UNISTD_H 1
| #define HAVE_SYSCALL_H 1
| #define HAVE_SYS_SYSCALL_H 1
| #define HAVE_EXECINFO_H 1
| /* end confdefs.h.  */
| #include <stdio.h>
| #ifdef HAVE_SYS_TYPES_H
| # include <sys/types.h>
| #endif
| #ifdef HAVE_SYS_STAT_H
| # include <sys/stat.h>
| #endif
| #ifdef STDC_HEADERS
| # include <stdlib.h>
| # include <stddef.h>
| #else
| # ifdef HAVE_STDLIB_H
| #  include <stdlib.h>
| # endif
| #endif
| #ifdef HAVE_STRING_H
| # if !defined STDC_HEADERS && defined HAVE_MEMORY_H
| #  include <memory.h>
| # endif
| # include <string.h>
| #endif
| #ifdef HAVE_STRINGS_H
| # include <strings.h>
| #endif
| #ifdef HAVE_INTTYPES_H
| # include <inttypes.h>
| #endif
| #ifdef HAVE_STDINT_H
| # include <stdint.h>
| #endif
| #ifdef HAVE_UNISTD_H
| # include <unistd.h>
| #endif
| #include <libunwind.h>
configure:14913: result: no
configure:14913: checking libunwind.h presence
configure:14913: g++ -E  conftest.cpp
conftest.cpp:26:23: error: libunwind.h: No such file or directory
configure:14913: $? = 1
configure: failed program was:
| /* confdefs.h */
| #define PACKAGE_NAME "glog"
| #define PACKAGE_TARNAME "glog"
| #define PACKAGE_VERSION "0.3.2"
| #define PACKAGE_STRING "glog 0.3.2"
| #define PACKAGE_BUGREPORT "opensource@google.com"
| #define PACKAGE_URL ""
| #define PACKAGE "glog"
| #define VERSION "0.3.2"
| #define HAVE_SYS_TYPES_H 1
| #define HAVE_SYS_STAT_H 1
| #define HAVE_STDLIB_H 1
| #define HAVE_STRING_H 1
| #define HAVE_MEMORY_H 1
| #define HAVE_STRINGS_H 1
| #define HAVE_INTTYPES_H 1
| #define HAVE_STDINT_H 1
| #define HAVE_UNISTD_H 1
| #define HAVE_DLFCN_H 1
| #define LT_OBJDIR ".libs/"
| #define HAVE_UNISTD_H 1
| #define HAVE_SYSCALL_H 1
| #define HAVE_SYS_SYSCALL_H 1
| #define HAVE_EXECINFO_H 1
| /* end confdefs.h.  */
| #include <libunwind.h>
configure:14913: result: no
configure:14913: checking for libunwind.h
configure:14913: result: no
configure:14927: checking ucontext.h usability
configure:14927: g++ -c -g -O2  conftest.cpp >&5
configure:14927: $? = 0
configure:14927: result: yes
configure:14927: checking ucontext.h presence
configure:14927: g++ -E  conftest.cpp
configure:14927: $? = 0
configure:14927: result: yes
configure:14927: checking for ucontext.h
configure:14927: result: yes
configure:14939: checking sys/utsname.h usability
configure:14939: g++ -c -g -O2  conftest.cpp >&5
configure:14939: $? = 0
configure:14939: result: yes
configure:14939: checking sys/utsname.h presence
configure:14939: g++ -E  conftest.cpp
configure:14939: $? = 0
configure:14939: result: yes
configure:14939: checking for sys/utsname.h
configure:14939: result: yes
configure:14951: checking pwd.h usability
configure:14951: g++ -c -g -O2  conftest.cpp >&5
configure:14951: $? = 0
configure:14951: result: yes
configure:14951: checking pwd.h presence
configure:14951: g++ -E  conftest.cpp
configure:14951: $? = 0
configure:14951: result: yes
configure:14951: checking for pwd.h
configure:14951: result: yes
configure:14963: checking syslog.h usability
configure:14963: g++ -c -g -O2  conftest.cpp >&5
configure:14963: $? = 0
configure:14963: result: yes
configure:14963: checking syslog.h presence
configure:14963: g++ -E  conftest.cpp
configure:14963: $? = 0
configure:14963: result: yes
configure:14963: checking for syslog.h
configure:14963: result: yes
configure:14975: checking sys/time.h usability
configure:14975: g++ -c -g -O2  conftest.cpp >&5
configure:14975: $? = 0
configure:14975: result: yes
configure:14975: checking sys/time.h presence
configure:14975: g++ -E  conftest.cpp
configure:14975: $? = 0
configure:14975: result: yes
configure:14975: checking for sys/time.h
configure:14975: result: yes
configure:14987: checking glob.h usability
configure:14987: g++ -c -g -O2  conftest.cpp >&5
configure:14987: $? = 0
configure:14987: result: yes
configure:14987: checking glob.h presence
configure:14987: g++ -E  conftest.cpp
configure:14987: $? = 0
configure:14987: result: yes
configure:14987: checking for glob.h
configure:14987: result: yes
configure:15002: checking size of void *
configure:15007: g++ -o conftest -g -O2   conftest.cpp  >&5
configure:15007: $? = 0
configure:15007: ./conftest
configure:15007: $? = 0
configure:15022: result: 8
configure:15035: checking for uint16_t
configure:15035: g++ -c -g -O2  conftest.cpp >&5
configure:15035: $? = 0
configure:15035: g++ -c -g -O2  conftest.cpp >&5
conftest.cpp: In function 'int main()':
conftest.cpp:69: error: expected primary-expression before ')' token
configure:15035: $? = 1
configure: failed program was:
| /* confdefs.h */
| #define PACKAGE_NAME "glog"
| #define PACKAGE_TARNAME "glog"
| #define PACKAGE_VERSION "0.3.2"
| #define PACKAGE_STRING "glog 0.3.2"
| #define PACKAGE_BUGREPORT "opensource@google.com"
| #define PACKAGE_URL ""
| #define PACKAGE "glog"
| #define VERSION "0.3.2"
| #define HAVE_SYS_TYPES_H 1
| #define HAVE_SYS_STAT_H 1
| #define HAVE_STDLIB_H 1
| #define HAVE_STRING_H 1
| #define HAVE_MEMORY_H 1
| #define HAVE_STRINGS_H 1
| #define HAVE_INTTYPES_H 1
| #define HAVE_STDINT_H 1
| #define HAVE_UNISTD_H 1
| #define HAVE_DLFCN_H 1
| #define LT_OBJDIR ".libs/"
| #define HAVE_UNISTD_H 1
| #define HAVE_SYSCALL_H 1
| #define HAVE_SYS_SYSCALL_H 1
| #define HAVE_EXECINFO_H 1
| #define HAVE_UCONTEXT_H 1
| #define HAVE_SYS_UTSNAME_H 1
| #define HAVE_PWD_H 1
| #define HAVE_SYSLOG_H 1
| #define HAVE_SYS_TIME_H 1
| #define HAVE_GLOB_H 1
| #define SIZEOF_VOID_P 8
| /* end confdefs.h.  */
| #include <stdio.h>
| #ifdef HAVE_SYS_TYPES_H
| # include <sys/types.h>
| #endif
| #ifdef HAVE_SYS_STAT_H
| # include <sys/stat.h>
| #endif
| #ifdef STDC_HEADERS
| # include <stdlib.h>
| # include <stddef.h>
| #else
| # ifdef HAVE_STDLIB_H
| #  include <stdlib.h>
| # endif
| #endif
| #ifdef HAVE_STRING_H
| # if !defined STDC_HEADERS && defined HAVE_MEMORY_H
| #  include <memory.h>
| # endif
| # include <string.h>
| #endif
| #ifdef HAVE_STRINGS_H
| # include <strings.h>
| #endif
| #ifdef HAVE_INTTYPES_H
| # include <inttypes.h>
| #endif
| #ifdef HAVE_STDINT_H
| # include <stdint.h>
| #endif
| #ifdef HAVE_UNISTD_H
| # include <unistd.h>
| #endif
| int
| main ()
| {
| if (sizeof ((uint16_t)))
| 	    return 0;
|   ;
|   return 0;
| }
configure:15035: result: yes
configure:15042: checking for u_int16_t
configure:15042: g++ -c -g -O2  conftest.cpp >&5
configure:15042: $? = 0
configure:15042: g++ -c -g -O2  conftest.cpp >&5
conftest.cpp: In function 'int main()':
conftest.cpp:69: error: expected primary-expression before ')' token
configure:15042: $? = 1
configure: failed program was:
| /* confdefs.h */
| #define PACKAGE_NAME "glog"
| #define PACKAGE_TARNAME "glog"
| #define PACKAGE_VERSION "0.3.2"
| #define PACKAGE_STRING "glog 0.3.2"
| #define PACKAGE_BUGREPORT "opensource@google.com"
| #define PACKAGE_URL ""
| #define PACKAGE "glog"
| #define VERSION "0.3.2"
| #define HAVE_SYS_TYPES_H 1
| #define HAVE_SYS_STAT_H 1
| #define HAVE_STDLIB_H 1
| #define HAVE_STRING_H 1
| #define HAVE_MEMORY_H 1
| #define HAVE_STRINGS_H 1
| #define HAVE_INTTYPES_H 1
| #define HAVE_STDINT_H 1
| #define HAVE_UNISTD_H 1
| #define HAVE_DLFCN_H 1
| #define LT_OBJDIR ".libs/"
| #define HAVE_UNISTD_H 1
| #define HAVE_SYSCALL_H 1
| #define HAVE_SYS_SYSCALL_H 1
| #define HAVE_EXECINFO_H 1
| #define HAVE_UCONTEXT_H 1
| #define HAVE_SYS_UTSNAME_H 1
| #define HAVE_PWD_H 1
| #define HAVE_SYSLOG_H 1
| #define HAVE_SYS_TIME_H 1
| #define HAVE_GLOB_H 1
| #define SIZEOF_VOID_P 8
| /* end confdefs.h.  */
| #include <stdio.h>
| #ifdef HAVE_SYS_TYPES_H
| # include <sys/types.h>
| #endif
| #ifdef HAVE_SYS_STAT_H
| # include <sys/stat.h>
| #endif
| #ifdef STDC_HEADERS
| # include <stdlib.h>
| # include <stddef.h>
| #else
| # ifdef HAVE_STDLIB_H
| #  include <stdlib.h>
| # endif
| #endif
| #ifdef HAVE_STRING_H
| # if !defined STDC_HEADERS && defined HAVE_MEMORY_H
| #  include <memory.h>
| # endif
| # include <string.h>
| #endif
| #ifdef HAVE_STRINGS_H
| # include <strings.h>
| #endif
| #ifdef HAVE_INTTYPES_H
| # include <inttypes.h>
| #endif
| #ifdef HAVE_STDINT_H
| # include <stdint.h>
| #endif
| #ifdef HAVE_UNISTD_H
| # include <unistd.h>
| #endif
| int
| main ()
| {
| if (sizeof ((u_int16_t)))
| 	    return 0;
|   ;
|   return 0;
| }
configure:15042: result: yes
configure:15049: checking for __uint16
configure:15049: g++ -c -g -O2  conftest.cpp >&5
conftest.cpp: In function 'int main()':
conftest.cpp:69: error: '__uint16' was not declared in this scope
configure:15049: $? = 1
configure: failed program was:
| /* confdefs.h */
| #define PACKAGE_NAME "glog"
| #define PACKAGE_TARNAME "glog"
| #define PACKAGE_VERSION "0.3.2"
| #define PACKAGE_STRING "glog 0.3.2"
| #define PACKAGE_BUGREPORT "opensource@google.com"
| #define PACKAGE_URL ""
| #define PACKAGE "glog"
| #define VERSION "0.3.2"
| #define HAVE_SYS_TYPES_H 1
| #define HAVE_SYS_STAT_H 1
| #define HAVE_STDLIB_H 1
| #define HAVE_STRING_H 1
| #define HAVE_MEMORY_H 1
| #define HAVE_STRINGS_H 1
| #define HAVE_INTTYPES_H 1
| #define HAVE_STDINT_H 1
| #define HAVE_UNISTD_H 1
| #define HAVE_DLFCN_H 1
| #define LT_OBJDIR ".libs/"
| #define HAVE_UNISTD_H 1
| #define HAVE_SYSCALL_H 1
| #define HAVE_SYS_SYSCALL_H 1
| #define HAVE_EXECINFO_H 1
| #define HAVE_UCONTEXT_H 1
| #define HAVE_SYS_UTSNAME_H 1
| #define HAVE_PWD_H 1
| #define HAVE_SYSLOG_H 1
| #define HAVE_SYS_TIME_H 1
| #define HAVE_GLOB_H 1
| #define SIZEOF_VOID_P 8
| /* end confdefs.h.  */
| #include <stdio.h>
| #ifdef HAVE_SYS_TYPES_H
| # include <sys/types.h>
| #endif
| #ifdef HAVE_SYS_STAT_H
| # include <sys/stat.h>
| #endif
| #ifdef STDC_HEADERS
| # include <stdlib.h>
| # include <stddef.h>
| #else
| # ifdef HAVE_STDLIB_H
| #  include <stdlib.h>
| # endif
| #endif
| #ifdef HAVE_STRING_H
| # if !defined STDC_HEADERS && defined HAVE_MEMORY_H
| #  include <memory.h>
| # endif
| # include <string.h>
| #endif
| #ifdef HAVE_STRINGS_H
| # include <strings.h>
| #endif
| #ifdef HAVE_INTTYPES_H
| # include <inttypes.h>
| #endif
| #ifdef HAVE_STDINT_H
| # include <stdint.h>
| #endif
| #ifdef HAVE_UNISTD_H
| # include <unistd.h>
| #endif
| int
| main ()
| {
| if (sizeof (__uint16))
| 	 return 0;
|   ;
|   return 0;
| }
configure:15049: result: no
configure:15057: checking for sigaltstack
configure:15057: g++ -o conftest -g -O2   conftest.cpp  >&5
configure:15057: $? = 0
configure:15057: result: yes
configure:15064: checking for dladdr
configure:15064: g++ -o conftest -g -O2   conftest.cpp  >&5
/tmp/ccE8yUnG.o: In function `main':
/scratch/jxiao_ceres/glog-0.3.2/conftest.cpp:68: undefined reference to `dladdr'
collect2: ld returned 1 exit status
configure:15064: $? = 1
configure: failed program was:
| /* confdefs.h */
| #define PACKAGE_NAME "glog"
| #define PACKAGE_TARNAME "glog"
| #define PACKAGE_VERSION "0.3.2"
| #define PACKAGE_STRING "glog 0.3.2"
| #define PACKAGE_BUGREPORT "opensource@google.com"
| #define PACKAGE_URL ""
| #define PACKAGE "glog"
| #define VERSION "0.3.2"
| #define HAVE_SYS_TYPES_H 1
| #define HAVE_SYS_STAT_H 1
| #define HAVE_STDLIB_H 1
| #define HAVE_STRING_H 1
| #define HAVE_MEMORY_H 1
| #define HAVE_STRINGS_H 1
| #define HAVE_INTTYPES_H 1
| #define HAVE_STDINT_H 1
| #define HAVE_UNISTD_H 1
| #define HAVE_DLFCN_H 1
| #define LT_OBJDIR ".libs/"
| #define HAVE_UNISTD_H 1
| #define HAVE_SYSCALL_H 1
| #define HAVE_SYS_SYSCALL_H 1
| #define HAVE_EXECINFO_H 1
| #define HAVE_UCONTEXT_H 1
| #define HAVE_SYS_UTSNAME_H 1
| #define HAVE_PWD_H 1
| #define HAVE_SYSLOG_H 1
| #define HAVE_SYS_TIME_H 1
| #define HAVE_GLOB_H 1
| #define SIZEOF_VOID_P 8
| #define HAVE_SIGALTSTACK 1
| /* end confdefs.h.  */
| /* Define dladdr to an innocuous variant, in case <limits.h> declares dladdr.
|    For example, HP-UX 11i <limits.h> declares gettimeofday.  */
| #define dladdr innocuous_dladdr
| 
| /* System header to define __stub macros and hopefully few prototypes,
|     which can conflict with char dladdr (); below.
|     Prefer <limits.h> to <assert.h> if __STDC__ is defined, since
|     <limits.h> exists even on freestanding compilers.  */
| 
| #ifdef __STDC__
| # include <limits.h>
| #else
| # include <assert.h>
| #endif
| 
| #undef dladdr
| 
| /* Override any GCC internal prototype to avoid an error.
|    Use char because int might match the return type of a GCC
|    builtin and then its argument prototype would still apply.  */
| #ifdef __cplusplus
| extern "C"
| #endif
| char dladdr ();
| /* The GNU C library defines this for functions which it implements
|     to always fail with ENOSYS.  Some functions are actually named
|     something starting with __ and the normal name is an alias.  */
| #if defined __stub_dladdr || defined __stub___dladdr
| choke me
| #endif
| 
| int
| main ()
| {
| return dladdr ();
|   ;
|   return 0;
| }
configure:15064: result: no
configure:15071: checking for fcntl
configure:15071: g++ -o conftest -g -O2   conftest.cpp  >&5
configure:15071: $? = 0
configure:15071: result: yes
configure:15080: checking for __attribute__
configure:15099: g++ -c -g -O2  conftest.cpp >&5
configure:15099: $? = 0
configure:15113: result: yes
configure:15126: checking for __builtin_expect
configure:15143: g++ -c -g -O2  conftest.cpp >&5
configure:15143: $? = 0
configure:15157: result: yes
configure:15167: checking for __sync_val_compare_and_swap
configure:15184: g++ -o conftest -g -O2   conftest.cpp  >&5
configure:15184: $? = 0
configure:15199: result: yes
configure:15223: g++ -c -g -O2  conftest.cpp >&5
configure:15223: $? = 0
configure:15412: checking for the pthreads library -lpthreads
configure:15445: gcc -o conftest -g -O2    conftest.c -lpthreads  >&5
/usr/bin/ld: cannot find -lpthreads
collect2: ld returned 1 exit status
configure:15445: $? = 1
configure: failed program was:
| /* confdefs.h */
| #define PACKAGE_NAME "glog"
| #define PACKAGE_TARNAME "glog"
| #define PACKAGE_VERSION "0.3.2"
| #define PACKAGE_STRING "glog 0.3.2"
| #define PACKAGE_BUGREPORT "opensource@google.com"
| #define PACKAGE_URL ""
| #define PACKAGE "glog"
| #define VERSION "0.3.2"
| #define HAVE_SYS_TYPES_H 1
| #define HAVE_SYS_STAT_H 1
| #define HAVE_STDLIB_H 1
| #define HAVE_STRING_H 1
| #define HAVE_MEMORY_H 1
| #define HAVE_STRINGS_H 1
| #define HAVE_INTTYPES_H 1
| #define HAVE_STDINT_H 1
| #define HAVE_UNISTD_H 1
| #define HAVE_DLFCN_H 1
| #define LT_OBJDIR ".libs/"
| #define HAVE_UNISTD_H 1
| #define HAVE_SYSCALL_H 1
| #define HAVE_SYS_SYSCALL_H 1
| #define HAVE_EXECINFO_H 1
| #define HAVE_UCONTEXT_H 1
| #define HAVE_SYS_UTSNAME_H 1
| #define HAVE_PWD_H 1
| #define HAVE_SYSLOG_H 1
| #define HAVE_SYS_TIME_H 1
| #define HAVE_GLOB_H 1
| #define SIZEOF_VOID_P 8
| #define HAVE_SIGALTSTACK 1
| #define HAVE_FCNTL 1
| #define HAVE___ATTRIBUTE__ 1
| #define HAVE___BUILTIN_EXPECT 1
| #define HAVE___SYNC_VAL_COMPARE_AND_SWAP 1
| /* end confdefs.h.  */
| #include <pthread.h>
| int
| main ()
| {
| pthread_t th; pthread_join(th, 0);
|                      pthread_attr_init(0); pthread_cleanup_push(0, 0);
|                      pthread_create(0,0,0,0); pthread_cleanup_pop(0);
|   ;
|   return 0;
| }
configure:15454: result: no
configure:15357: checking whether pthreads work without any flags
configure:15445: gcc -o conftest -g -O2    conftest.c   >&5
/tmp/ccJuJLwO.o: In function `main':
/scratch/jxiao_ceres/glog-0.3.2/conftest.c:42: undefined reference to `pthread_join'
/scratch/jxiao_ceres/glog-0.3.2/conftest.c:43: undefined reference to `__pthread_register_cancel'
/scratch/jxiao_ceres/glog-0.3.2/conftest.c:44: undefined reference to `pthread_create'
/scratch/jxiao_ceres/glog-0.3.2/conftest.c:44: undefined reference to `__pthread_unregister_cancel'
collect2: ld returned 1 exit status
configure:15445: $? = 1
configure: failed program was:
| /* confdefs.h */
| #define PACKAGE_NAME "glog"
| #define PACKAGE_TARNAME "glog"
| #define PACKAGE_VERSION "0.3.2"
| #define PACKAGE_STRING "glog 0.3.2"
| #define PACKAGE_BUGREPORT "opensource@google.com"
| #define PACKAGE_URL ""
| #define PACKAGE "glog"
| #define VERSION "0.3.2"
| #define HAVE_SYS_TYPES_H 1
| #define HAVE_SYS_STAT_H 1
| #define HAVE_STDLIB_H 1
| #define HAVE_STRING_H 1
| #define HAVE_MEMORY_H 1
| #define HAVE_STRINGS_H 1
| #define HAVE_INTTYPES_H 1
| #define HAVE_STDINT_H 1
| #define HAVE_UNISTD_H 1
| #define HAVE_DLFCN_H 1
| #define LT_OBJDIR ".libs/"
| #define HAVE_UNISTD_H 1
| #define HAVE_SYSCALL_H 1
| #define HAVE_SYS_SYSCALL_H 1
| #define HAVE_EXECINFO_H 1
| #define HAVE_UCONTEXT_H 1
| #define HAVE_SYS_UTSNAME_H 1
| #define HAVE_PWD_H 1
| #define HAVE_SYSLOG_H 1
| #define HAVE_SYS_TIME_H 1
| #define HAVE_GLOB_H 1
| #define SIZEOF_VOID_P 8
| #define HAVE_SIGALTSTACK 1
| #define HAVE_FCNTL 1
| #define HAVE___ATTRIBUTE__ 1
| #define HAVE___BUILTIN_EXPECT 1
| #define HAVE___SYNC_VAL_COMPARE_AND_SWAP 1
| /* end confdefs.h.  */
| #include <pthread.h>
| int
| main ()
| {
| pthread_t th; pthread_join(th, 0);
|                      pthread_attr_init(0); pthread_cleanup_push(0, 0);
|                      pthread_create(0,0,0,0); pthread_cleanup_pop(0);
|   ;
|   return 0;
| }
configure:15454: result: no
configure:15362: checking whether pthreads work with -Kthread
configure:15445: gcc -o conftest -g -O2 -Kthread   conftest.c   >&5
gcc: unrecognized option '-Kthread'
/tmp/ccDdN1eP.o: In function `main':
/scratch/jxiao_ceres/glog-0.3.2/conftest.c:42: undefined reference to `pthread_join'
/scratch/jxiao_ceres/glog-0.3.2/conftest.c:43: undefined reference to `__pthread_register_cancel'
/scratch/jxiao_ceres/glog-0.3.2/conftest.c:44: undefined reference to `pthread_create'
/scratch/jxiao_ceres/glog-0.3.2/conftest.c:44: undefined reference to `__pthread_unregister_cancel'
collect2: ld returned 1 exit status
configure:15445: $? = 1
configure: failed program was:
| /* confdefs.h */
| #define PACKAGE_NAME "glog"
| #define PACKAGE_TARNAME "glog"
| #define PACKAGE_VERSION "0.3.2"
| #define PACKAGE_STRING "glog 0.3.2"
| #define PACKAGE_BUGREPORT "opensource@google.com"
| #define PACKAGE_URL ""
| #define PACKAGE "glog"
| #define VERSION "0.3.2"
| #define HAVE_SYS_TYPES_H 1
| #define HAVE_SYS_STAT_H 1
| #define HAVE_STDLIB_H 1
| #define HAVE_STRING_H 1
| #define HAVE_MEMORY_H 1
| #define HAVE_STRINGS_H 1
| #define HAVE_INTTYPES_H 1
| #define HAVE_STDINT_H 1
| #define HAVE_UNISTD_H 1
| #define HAVE_DLFCN_H 1
| #define LT_OBJDIR ".libs/"
| #define HAVE_UNISTD_H 1
| #define HAVE_SYSCALL_H 1
| #define HAVE_SYS_SYSCALL_H 1
| #define HAVE_EXECINFO_H 1
| #define HAVE_UCONTEXT_H 1
| #define HAVE_SYS_UTSNAME_H 1
| #define HAVE_PWD_H 1
| #define HAVE_SYSLOG_H 1
| #define HAVE_SYS_TIME_H 1
| #define HAVE_GLOB_H 1
| #define SIZEOF_VOID_P 8
| #define HAVE_SIGALTSTACK 1
| #define HAVE_FCNTL 1
| #define HAVE___ATTRIBUTE__ 1
| #define HAVE___BUILTIN_EXPECT 1
| #define HAVE___SYNC_VAL_COMPARE_AND_SWAP 1
| /* end confdefs.h.  */
| #include <pthread.h>
| int
| main ()
| {
| pthread_t th; pthread_join(th, 0);
|                      pthread_attr_init(0); pthread_cleanup_push(0, 0);
|                      pthread_create(0,0,0,0); pthread_cleanup_pop(0);
|   ;
|   return 0;
| }
configure:15454: result: no
configure:15362: checking whether pthreads work with -kthread
configure:15445: gcc -o conftest -g -O2 -kthread   conftest.c   >&5
gcc: unrecognized option '-kthread'
/tmp/ccLaqWiS.o: In function `main':
/scratch/jxiao_ceres/glog-0.3.2/conftest.c:42: undefined reference to `pthread_join'
/scratch/jxiao_ceres/glog-0.3.2/conftest.c:43: undefined reference to `__pthread_register_cancel'
/scratch/jxiao_ceres/glog-0.3.2/conftest.c:44: undefined reference to `pthread_create'
/scratch/jxiao_ceres/glog-0.3.2/conftest.c:44: undefined reference to `__pthread_unregister_cancel'
collect2: ld returned 1 exit status
configure:15445: $? = 1
configure: failed program was:
| /* confdefs.h */
| #define PACKAGE_NAME "glog"
| #define PACKAGE_TARNAME "glog"
| #define PACKAGE_VERSION "0.3.2"
| #define PACKAGE_STRING "glog 0.3.2"
| #define PACKAGE_BUGREPORT "opensource@google.com"
| #define PACKAGE_URL ""
| #define PACKAGE "glog"
| #define VERSION "0.3.2"
| #define HAVE_SYS_TYPES_H 1
| #define HAVE_SYS_STAT_H 1
| #define HAVE_STDLIB_H 1
| #define HAVE_STRING_H 1
| #define HAVE_MEMORY_H 1
| #define HAVE_STRINGS_H 1
| #define HAVE_INTTYPES_H 1
| #define HAVE_STDINT_H 1
| #define HAVE_UNISTD_H 1
| #define HAVE_DLFCN_H 1
| #define LT_OBJDIR ".libs/"
| #define HAVE_UNISTD_H 1
| #define HAVE_SYSCALL_H 1
| #define HAVE_SYS_SYSCALL_H 1
| #define HAVE_EXECINFO_H 1
| #define HAVE_UCONTEXT_H 1
| #define HAVE_SYS_UTSNAME_H 1
| #define HAVE_PWD_H 1
| #define HAVE_SYSLOG_H 1
| #define HAVE_SYS_TIME_H 1
| #define HAVE_GLOB_H 1
| #define SIZEOF_VOID_P 8
| #define HAVE_SIGALTSTACK 1
| #define HAVE_FCNTL 1
| #define HAVE___ATTRIBUTE__ 1
| #define HAVE___BUILTIN_EXPECT 1
| #define HAVE___SYNC_VAL_COMPARE_AND_SWAP 1
| /* end confdefs.h.  */
| #include <pthread.h>
| int
| main ()
| {
| pthread_t th; pthread_join(th, 0);
|                      pthread_attr_init(0); pthread_cleanup_push(0, 0);
|                      pthread_create(0,0,0,0); pthread_cleanup_pop(0);
|   ;
|   return 0;
| }
configure:15454: result: no
configure:15412: checking for the pthreads library -llthread
configure:15445: gcc -o conftest -g -O2    conftest.c -llthread  >&5
/usr/bin/ld: cannot find -llthread
collect2: ld returned 1 exit status
configure:15445: $? = 1
configure: failed program was:
| /* confdefs.h */
| #define PACKAGE_NAME "glog"
| #define PACKAGE_TARNAME "glog"
| #define PACKAGE_VERSION "0.3.2"
| #define PACKAGE_STRING "glog 0.3.2"
| #define PACKAGE_BUGREPORT "opensource@google.com"
| #define PACKAGE_URL ""
| #define PACKAGE "glog"
| #define VERSION "0.3.2"
| #define HAVE_SYS_TYPES_H 1
| #define HAVE_SYS_STAT_H 1
| #define HAVE_STDLIB_H 1
| #define HAVE_STRING_H 1
| #define HAVE_MEMORY_H 1
| #define HAVE_STRINGS_H 1
| #define HAVE_INTTYPES_H 1
| #define HAVE_STDINT_H 1
| #define HAVE_UNISTD_H 1
| #define HAVE_DLFCN_H 1
| #define LT_OBJDIR ".libs/"
| #define HAVE_UNISTD_H 1
| #define HAVE_SYSCALL_H 1
| #define HAVE_SYS_SYSCALL_H 1
| #define HAVE_EXECINFO_H 1
| #define HAVE_UCONTEXT_H 1
| #define HAVE_SYS_UTSNAME_H 1
| #define HAVE_PWD_H 1
| #define HAVE_SYSLOG_H 1
| #define HAVE_SYS_TIME_H 1
| #define HAVE_GLOB_H 1
| #define SIZEOF_VOID_P 8
| #define HAVE_SIGALTSTACK 1
| #define HAVE_FCNTL 1
| #define HAVE___ATTRIBUTE__ 1
| #define HAVE___BUILTIN_EXPECT 1
| #define HAVE___SYNC_VAL_COMPARE_AND_SWAP 1
| /* end confdefs.h.  */
| #include <pthread.h>
| int
| main ()
| {
| pthread_t th; pthread_join(th, 0);
|                      pthread_attr_init(0); pthread_cleanup_push(0, 0);
|                      pthread_create(0,0,0,0); pthread_cleanup_pop(0);
|   ;
|   return 0;
| }
configure:15454: result: no
configure:15362: checking whether pthreads work with -pthread
configure:15445: gcc -o conftest -g -O2 -pthread   conftest.c   >&5
configure:15445: $? = 0
configure:15454: result: yes
configure:15473: checking for joinable pthread attribute
configure:15488: gcc -o conftest -g -O2 -pthread   conftest.c   >&5
configure:15488: $? = 0
configure:15494: result: PTHREAD_CREATE_JOINABLE
configure:15504: checking if more special flags are required for pthreads
configure:15511: result: no
configure:15600: checking whether to check for GCC pthread/shared inconsistencies
configure:15613: gcc -o conftest -shared -fPIC -Wl,-z,defs -g -O2 -pthread   conftest.c   >&5
configure:15613: $? = 0
configure:15625: result: yes
configure:15631: checking whether -pthread is sufficient with -shared
configure:15646: gcc -o conftest -shared -fPIC -Wl,-z,defs -g -O2 -pthread   conftest.c   >&5
configure:15646: $? = 0
configure:15653: result: yes
configure:15772: checking for pthread_self in -lpthread
configure:15797: g++ -o conftest -g -O2   conftest.cpp -lpthread   >&5
configure:15797: $? = 0
configure:15806: result: yes
configure:15832: checking for main in -lgflags
configure:15851: g++ -o conftest -g -O2   conftest.cpp -lgflags  -lpthread  -L/usr/local//lib -lgflags >&5
configure:15851: $? = 0
configure:15860: result: yes
configure:15887: checking for gtest-config
configure:15917: result: no
configure:16049: checking support for pthread_rwlock_* functions
configure:16075: gcc -c -g -O2  conftest.c >&5
configure:16075: $? = 0
configure:16089: result: yes
configure:16100: checking whether the compiler implements namespaces
configure:16124: g++ -c -g -O2  conftest.cpp >&5
configure:16124: $? = 0
configure:16137: result: yes
configure:16144: checking what namespace STL code is in
configure:16168: g++ -c -g -O2  conftest.cpp >&5
conftest.cpp: In function 'int main()':
conftest.cpp:47: error: 'vector' was not declared in this scope
conftest.cpp:47: error: expected primary-expression before 'int'
conftest.cpp:47: error: expected ';' before 'int'
configure:16168: $? = 1
configure: failed program was:
| /* confdefs.h */
| #define PACKAGE_NAME "glog"
| #define PACKAGE_TARNAME "glog"
| #define PACKAGE_VERSION "0.3.2"
| #define PACKAGE_STRING "glog 0.3.2"
| #define PACKAGE_BUGREPORT "opensource@google.com"
| #define PACKAGE_URL ""
| #define PACKAGE "glog"
| #define VERSION "0.3.2"
| #define HAVE_SYS_TYPES_H 1
| #define HAVE_SYS_STAT_H 1
| #define HAVE_STDLIB_H 1
| #define HAVE_STRING_H 1
| #define HAVE_MEMORY_H 1
| #define HAVE_STRINGS_H 1
| #define HAVE_INTTYPES_H 1
| #define HAVE_STDINT_H 1
| #define HAVE_UNISTD_H 1
| #define HAVE_DLFCN_H 1
| #define LT_OBJDIR ".libs/"
| #define HAVE_UNISTD_H 1
| #define HAVE_SYSCALL_H 1
| #define HAVE_SYS_SYSCALL_H 1
| #define HAVE_EXECINFO_H 1
| #define HAVE_UCONTEXT_H 1
| #define HAVE_SYS_UTSNAME_H 1
| #define HAVE_PWD_H 1
| #define HAVE_SYSLOG_H 1
| #define HAVE_SYS_TIME_H 1
| #define HAVE_GLOB_H 1
| #define SIZEOF_VOID_P 8
| #define HAVE_SIGALTSTACK 1
| #define HAVE_FCNTL 1
| #define HAVE___ATTRIBUTE__ 1
| #define HAVE___BUILTIN_EXPECT 1
| #define HAVE___SYNC_VAL_COMPARE_AND_SWAP 1
| #define HAVE_PTHREAD 1
| #define HAVE_LIBPTHREAD 1
| #define HAVE_LIB_GFLAGS 1
| #define HAVE_RWLOCK 1
| #define HAVE_NAMESPACES 1
| /* end confdefs.h.  */
| #include <vector>
| int
| main ()
| {
| vector<int> t; return 0;
|   ;
|   return 0;
| }
configure:16183: g++ -c -g -O2  conftest.cpp >&5
configure:16183: $? = 0
configure:16194: result: std
configure:16245: checking whether compiler supports using ::operator<<
configure:16269: g++ -c -g -O2  conftest.cpp >&5
configure:16269: $? = 0
configure:16282: result: 1
configure:16292: checking for ucontext.h
configure:16292: result: yes
configure:16304: checking sys/ucontext.h usability
configure:16304: g++ -c -g -O2  conftest.cpp >&5
configure:16304: $? = 0
configure:16304: result: yes
configure:16304: checking sys/ucontext.h presence
configure:16304: g++ -E  conftest.cpp
configure:16304: $? = 0
configure:16304: result: yes
configure:16304: checking for sys/ucontext.h
configure:16304: result: yes
configure:16314: checking how to access the program counter from a struct ucontext
configure:16349: g++ -c -g -O2  conftest.cpp >&5
conftest.cpp: In function 'int main()':
conftest.cpp:55: error: 'REG_PC' was not declared in this scope
configure:16349: $? = 1
configure: failed program was:
| /* confdefs.h */
| #define PACKAGE_NAME "glog"
| #define PACKAGE_TARNAME "glog"
| #define PACKAGE_VERSION "0.3.2"
| #define PACKAGE_STRING "glog 0.3.2"
| #define PACKAGE_BUGREPORT "opensource@google.com"
| #define PACKAGE_URL ""
| #define PACKAGE "glog"
| #define VERSION "0.3.2"
| #define HAVE_SYS_TYPES_H 1
| #define HAVE_SYS_STAT_H 1
| #define HAVE_STDLIB_H 1
| #define HAVE_STRING_H 1
| #define HAVE_MEMORY_H 1
| #define HAVE_STRINGS_H 1
| #define HAVE_INTTYPES_H 1
| #define HAVE_STDINT_H 1
| #define HAVE_UNISTD_H 1
| #define HAVE_DLFCN_H 1
| #define LT_OBJDIR ".libs/"
| #define HAVE_UNISTD_H 1
| #define HAVE_SYSCALL_H 1
| #define HAVE_SYS_SYSCALL_H 1
| #define HAVE_EXECINFO_H 1
| #define HAVE_UCONTEXT_H 1
| #define HAVE_SYS_UTSNAME_H 1
| #define HAVE_PWD_H 1
| #define HAVE_SYSLOG_H 1
| #define HAVE_SYS_TIME_H 1
| #define HAVE_GLOB_H 1
| #define SIZEOF_VOID_P 8
| #define HAVE_SIGALTSTACK 1
| #define HAVE_FCNTL 1
| #define HAVE___ATTRIBUTE__ 1
| #define HAVE___BUILTIN_EXPECT 1
| #define HAVE___SYNC_VAL_COMPARE_AND_SWAP 1
| #define HAVE_PTHREAD 1
| #define HAVE_LIBPTHREAD 1
| #define HAVE_LIB_GFLAGS 1
| #define HAVE_RWLOCK 1
| #define HAVE_NAMESPACES 1
| #define STL_NAMESPACE std
| #define GOOGLE_NAMESPACE google
| #define _START_GOOGLE_NAMESPACE_ namespace google {
| #define _END_GOOGLE_NAMESPACE_ }
| #define HAVE_USING_OPERATOR 1
| #define HAVE_UCONTEXT_H 1
| #define HAVE_SYS_UCONTEXT_H 1
| /* end confdefs.h.  */
| #define _GNU_SOURCE 1
|                          #include <sys/ucontext.h>
| int
| main ()
| {
| ucontext_t u; return u.uc_mcontext.gregs[REG_PC] == 0;
|   ;
|   return 0;
| }
configure:16349: g++ -c -g -O2  conftest.cpp >&5
conftest.cpp: In function 'int main()':
conftest.cpp:55: error: 'REG_EIP' was not declared in this scope
configure:16349: $? = 1
configure: failed program was:
| /* confdefs.h */
| #define PACKAGE_NAME "glog"
| #define PACKAGE_TARNAME "glog"
| #define PACKAGE_VERSION "0.3.2"
| #define PACKAGE_STRING "glog 0.3.2"
| #define PACKAGE_BUGREPORT "opensource@google.com"
| #define PACKAGE_URL ""
| #define PACKAGE "glog"
| #define VERSION "0.3.2"
| #define HAVE_SYS_TYPES_H 1
| #define HAVE_SYS_STAT_H 1
| #define HAVE_STDLIB_H 1
| #define HAVE_STRING_H 1
| #define HAVE_MEMORY_H 1
| #define HAVE_STRINGS_H 1
| #define HAVE_INTTYPES_H 1
| #define HAVE_STDINT_H 1
| #define HAVE_UNISTD_H 1
| #define HAVE_DLFCN_H 1
| #define LT_OBJDIR ".libs/"
| #define HAVE_UNISTD_H 1
| #define HAVE_SYSCALL_H 1
| #define HAVE_SYS_SYSCALL_H 1
| #define HAVE_EXECINFO_H 1
| #define HAVE_UCONTEXT_H 1
| #define HAVE_SYS_UTSNAME_H 1
| #define HAVE_PWD_H 1
| #define HAVE_SYSLOG_H 1
| #define HAVE_SYS_TIME_H 1
| #define HAVE_GLOB_H 1
| #define SIZEOF_VOID_P 8
| #define HAVE_SIGALTSTACK 1
| #define HAVE_FCNTL 1
| #define HAVE___ATTRIBUTE__ 1
| #define HAVE___BUILTIN_EXPECT 1
| #define HAVE___SYNC_VAL_COMPARE_AND_SWAP 1
| #define HAVE_PTHREAD 1
| #define HAVE_LIBPTHREAD 1
| #define HAVE_LIB_GFLAGS 1
| #define HAVE_RWLOCK 1
| #define HAVE_NAMESPACES 1
| #define STL_NAMESPACE std
| #define GOOGLE_NAMESPACE google
| #define _START_GOOGLE_NAMESPACE_ namespace google {
| #define _END_GOOGLE_NAMESPACE_ }
| #define HAVE_USING_OPERATOR 1
| #define HAVE_UCONTEXT_H 1
| #define HAVE_SYS_UCONTEXT_H 1
| /* end confdefs.h.  */
| #define _GNU_SOURCE 1
|                          #include <sys/ucontext.h>
| int
| main ()
| {
| ucontext_t u; return u.uc_mcontext.gregs[REG_EIP] == 0;
|   ;
|   return 0;
| }
configure:16349: g++ -c -g -O2  conftest.cpp >&5
configure:16349: $? = 0
configure:16355: result: uc_mcontext.gregs[REG_RIP]
configure:16598: creating ./config.status

## ---------------------- ##
## Running config.status. ##
## ---------------------- ##

This file was extended by glog config.status 0.3.2, which was
generated by GNU Autoconf 2.65.  Invocation command line was

  CONFIG_FILES    = 
  CONFIG_HEADERS  = 
  CONFIG_LINKS    = 
  CONFIG_COMMANDS = 
  $ ./config.status 

on vision15

config.status:1195: creating Makefile
config.status:1195: creating src/glog/logging.h
config.status:1195: creating src/glog/raw_logging.h
config.status:1195: creating src/glog/vlog_is_on.h
config.status:1195: creating src/glog/stl_logging.h
config.status:1195: creating libglog.pc
config.status:1195: creating src/config.h
config.status:1415: executing depfiles commands
config.status:1415: executing libtool commands

## ---------------- ##
## Cache variables. ##
## ---------------- ##

ac_cv___attribute__=yes
ac_cv___attribute___noreturn='__attribute__ ((noreturn))'
ac_cv___attribute___printf_4_5='__attribute__((__format__ (__printf__, 4, 5)))'
ac_cv___builtin_expect=yes
ac_cv___sync_val_compare_and_swap=yes
ac_cv_build=x86_64-unknown-linux-gnu
ac_cv_c_compiler_gnu=yes
ac_cv_cxx_compiler_gnu=yes
ac_cv_cxx_namespaces=yes
ac_cv_cxx_stl_namespace=std
ac_cv_cxx_using_operator=1
ac_cv_env_CCC_set=
ac_cv_env_CCC_value=
ac_cv_env_CC_set=
ac_cv_env_CC_value=
ac_cv_env_CFLAGS_set=
ac_cv_env_CFLAGS_value=
ac_cv_env_CPPFLAGS_set=
ac_cv_env_CPPFLAGS_value=
ac_cv_env_CPP_set=
ac_cv_env_CPP_value=
ac_cv_env_CXXCPP_set=
ac_cv_env_CXXCPP_value=
ac_cv_env_CXXFLAGS_set=
ac_cv_env_CXXFLAGS_value=
ac_cv_env_CXX_set=
ac_cv_env_CXX_value=
ac_cv_env_LDFLAGS_set=
ac_cv_env_LDFLAGS_value=
ac_cv_env_LIBS_set=
ac_cv_env_LIBS_value=
ac_cv_env_build_alias_set=
ac_cv_env_build_alias_value=
ac_cv_env_host_alias_set=
ac_cv_env_host_alias_value=
ac_cv_env_target_alias_set=
ac_cv_env_target_alias_value=
ac_cv_func_dladdr=no
ac_cv_func_fcntl=yes
ac_cv_func_sigaltstack=yes
ac_cv_have___builtin_expect=1
ac_cv_have___uint16=0
ac_cv_have_inttypes_h=1
ac_cv_have_libgflags=1
ac_cv_have_libunwind_h=0
ac_cv_have_stdint_h=1
ac_cv_have_systypes_h=1
ac_cv_have_u_int16_t=1
ac_cv_have_uint16_t=1
ac_cv_have_unistd_h=1
ac_cv_header_dlfcn_h=yes
ac_cv_header_execinfo_h=yes
ac_cv_header_glob_h=yes
ac_cv_header_inttypes_h=yes
ac_cv_header_libunwind_h=no
ac_cv_header_memory_h=yes
ac_cv_header_pwd_h=yes
ac_cv_header_stdc=no
ac_cv_header_stdint_h=yes
ac_cv_header_stdlib_h=yes
ac_cv_header_string_h=yes
ac_cv_header_strings_h=yes
ac_cv_header_sys_stat_h=yes
ac_cv_header_sys_syscall_h=yes
ac_cv_header_sys_time_h=yes
ac_cv_header_sys_types_h=yes
ac_cv_header_sys_ucontext_h=yes
ac_cv_header_sys_utsname_h=yes
ac_cv_header_syscall_h=yes
ac_cv_header_syslog_h=yes
ac_cv_header_ucontext_h=yes
ac_cv_header_unistd_h=yes
ac_cv_host=x86_64-unknown-linux-gnu
ac_cv_lib_gflags_main=yes
ac_cv_lib_pthread_pthread_self=yes
ac_cv_objext=o
ac_cv_path_EGREP='/bin/grep -E'
ac_cv_path_FGREP='/bin/grep -F'
ac_cv_path_GREP=/bin/grep
ac_cv_path_SED=/bin/sed
ac_cv_path_install='/usr/bin/install -c'
ac_cv_path_mkdir=/bin/mkdir
ac_cv_prog_AWK=gawk
ac_cv_prog_CPP='gcc -E'
ac_cv_prog_CXXCPP='g++ -E'
ac_cv_prog_ac_ct_AR=ar
ac_cv_prog_ac_ct_CC=gcc
ac_cv_prog_ac_ct_CXX=g++
ac_cv_prog_ac_ct_OBJDUMP=objdump
ac_cv_prog_ac_ct_RANLIB=ranlib
ac_cv_prog_ac_ct_STRIP=strip
ac_cv_prog_cc_c89=
ac_cv_prog_cc_g=yes
ac_cv_prog_cxx_g=yes
ac_cv_prog_make_make_set=yes
ac_cv_rwlock=yes
ac_cv_sizeof_void_p=8
ac_cv_type___uint16=no
ac_cv_type_u_int16_t=yes
ac_cv_type_uint16_t=yes
am_cv_CC_dependencies_compiler_type=gcc3
am_cv_CXX_dependencies_compiler_type=gcc3
lt_cv_deplibs_check_method=pass_all
lt_cv_file_magic_cmd='$MAGIC_CMD'
lt_cv_file_magic_test_file=
lt_cv_ld_reload_flag=-r
lt_cv_nm_interface='BSD nm'
lt_cv_objdir=.libs
lt_cv_path_LD=/usr/bin/ld
lt_cv_path_LDCXX='/usr/bin/ld -m elf_x86_64'
lt_cv_path_NM='/usr/bin/nm -B'
lt_cv_prog_compiler_c_o=yes
lt_cv_prog_compiler_c_o_CXX=yes
lt_cv_prog_compiler_pic_works=yes
lt_cv_prog_compiler_pic_works_CXX=yes
lt_cv_prog_compiler_rtti_exceptions=no
lt_cv_prog_compiler_static_works=yes
lt_cv_prog_compiler_static_works_CXX=yes
lt_cv_prog_gnu_ld=yes
lt_cv_prog_gnu_ldcxx=yes
lt_cv_sys_global_symbol_pipe='sed -n -e '\''s/^.*[	 ]\([ABCDGIRSTW][ABCDGIRSTW]*\)[	 ][	 ]*\([_A-Za-z][_A-Za-z0-9]*\)$/\1 \2 \2/p'\'''
lt_cv_sys_global_symbol_to_c_name_address='sed -n -e '\''s/^: \([^ ]*\) $/  {\"\1\", (void *) 0},/p'\'' -e '\''s/^[ABCDGIRSTW]* \([^ ]*\) \([^ ]*\)$/  {"\2", (void *) \&\2},/p'\'''
lt_cv_sys_global_symbol_to_c_name_address_lib_prefix='sed -n -e '\''s/^: \([^ ]*\) $/  {\"\1\", (void *) 0},/p'\'' -e '\''s/^[ABCDGIRSTW]* \([^ ]*\) \(lib[^ ]*\)$/  {"\2", (void *) \&\2},/p'\'' -e '\''s/^[ABCDGIRSTW]* \([^ ]*\) \([^ ]*\)$/  {"lib\2", (void *) \&\2},/p'\'''
lt_cv_sys_global_symbol_to_cdecl='sed -n -e '\''s/^T .* \(.*\)$/extern int \1();/p'\'' -e '\''s/^[ABCDGIRSTW]* .* \(.*\)$/extern char \1;/p'\'''
lt_cv_sys_max_cmd_len=1572864

## ----------------- ##
## Output variables. ##
## ----------------- ##

ACLOCAL='${SHELL} /scratch/jxiao_ceres/glog-0.3.2/missing --run aclocal-1.11'
AMDEPBACKSLASH='\'
AMDEP_FALSE='#'
AMDEP_TRUE=''
AMTAR='${SHELL} /scratch/jxiao_ceres/glog-0.3.2/missing --run tar'
AR='ar'
AUTOCONF='${SHELL} /scratch/jxiao_ceres/glog-0.3.2/missing --run autoconf'
AUTOHEADER='${SHELL} /scratch/jxiao_ceres/glog-0.3.2/missing --run autoheader'
AUTOMAKE='${SHELL} /scratch/jxiao_ceres/glog-0.3.2/missing --run automake-1.11'
AWK='gawk'
CC='gcc'
CCDEPMODE='depmode=gcc3'
CFLAGS='-g -O2'
CPP='gcc -E'
CPPFLAGS=''
CXX='g++'
CXXCPP='g++ -E'
CXXDEPMODE='depmode=gcc3'
CXXFLAGS='-g -O2'
CYGPATH_W='echo'
DEFS='-DHAVE_CONFIG_H'
DEPDIR='.deps'
DSYMUTIL=''
DUMPBIN=''
ECHO_C=''
ECHO_N='-n'
ECHO_T=''
EGREP='/bin/grep -E'
ENABLE_FRAME_POINTERS_FALSE=''
ENABLE_FRAME_POINTERS_TRUE='#'
EXEEXT=''
FGREP='/bin/grep -F'
GCC_FALSE='#'
GCC_TRUE=''
GFLAGS_CFLAGS='-I/usr/local//include'
GFLAGS_LIBS='-L/usr/local//lib -lgflags'
GMOCK_CFLAGS=''
GMOCK_CONFIG=''
GMOCK_LIBS=''
GREP='/bin/grep'
GTEST_CFLAGS=''
GTEST_CONFIG=''
GTEST_LIBS=''
HAVE_GMOCK_FALSE=''
HAVE_GMOCK_TRUE='#'
INSTALL_DATA='${INSTALL} -m 644'
INSTALL_PROGRAM='${INSTALL}'
INSTALL_SCRIPT='${INSTALL}'
INSTALL_STRIP_PROGRAM='$(install_sh) -c -s'
LD='/usr/bin/ld -m elf_x86_64'
LDFLAGS=''
LIBOBJS=''
LIBS='-lpthread '
LIBTOOL='$(SHELL) $(top_builddir)/libtool'
LIBTOOL_DEPS='./ltmain.sh'
LIPO=''
LN_S='ln -s'
LTLIBOBJS=''
MAKEINFO='${SHELL} /scratch/jxiao_ceres/glog-0.3.2/missing --run makeinfo'
MKDIR_P='/bin/mkdir -p'
NM='/usr/bin/nm -B'
NMEDIT=''
OBJDUMP='objdump'
OBJEXT='o'
OTOOL64=''
OTOOL=''
PACKAGE='glog'
PACKAGE_BUGREPORT='opensource@google.com'
PACKAGE_NAME='glog'
PACKAGE_STRING='glog 0.3.2'
PACKAGE_TARNAME='glog'
PACKAGE_URL=''
PACKAGE_VERSION='0.3.2'
PATH_SEPARATOR=':'
PTHREAD_CC='gcc'
PTHREAD_CFLAGS='-pthread'
PTHREAD_LIBS=''
RANLIB='ranlib'
SED='/bin/sed'
SET_MAKE=''
SHELL='/bin/bash'
STRIP='strip'
UNWIND_LIBS=''
VERSION='0.3.2'
X86_64_FALSE='#'
X86_64_TRUE=''
ac_ct_CC='gcc'
ac_ct_CXX='g++'
ac_ct_DUMPBIN=''
ac_cv___attribute___noreturn='__attribute__ ((noreturn))'
ac_cv___attribute___printf_4_5='__attribute__((__format__ (__printf__, 4, 5)))'
ac_cv_cxx_using_operator='1'
ac_cv_have___builtin_expect='1'
ac_cv_have___uint16='0'
ac_cv_have_inttypes_h='1'
ac_cv_have_libgflags='1'
ac_cv_have_stdint_h='1'
ac_cv_have_systypes_h='1'
ac_cv_have_u_int16_t='1'
ac_cv_have_uint16_t='1'
ac_cv_have_unistd_h='1'
ac_google_end_namespace='}'
ac_google_namespace='google'
ac_google_start_namespace='namespace google {'
acx_pthread_config=''
am__EXEEXT_FALSE=''
am__EXEEXT_TRUE='#'
am__fastdepCC_FALSE='#'
am__fastdepCC_TRUE=''
am__fastdepCXX_FALSE='#'
am__fastdepCXX_TRUE=''
am__include='include'
am__isrc=''
am__leading_dot='.'
am__quote=''
am__tar='${AMTAR} chof - "$$tardir"'
am__untar='${AMTAR} xf -'
bindir='${exec_prefix}/bin'
build='x86_64-unknown-linux-gnu'
build_alias=''
build_cpu='x86_64'
build_os='linux-gnu'
build_vendor='unknown'
datadir='${datarootdir}'
datarootdir='${prefix}/share'
docdir='${datarootdir}/doc/${PACKAGE_TARNAME}'
dvidir='${docdir}'
exec_prefix='${prefix}'
host='x86_64-unknown-linux-gnu'
host_alias=''
host_cpu='x86_64'
host_os='linux-gnu'
host_vendor='unknown'
htmldir='${docdir}'
includedir='${prefix}/include'
infodir='${datarootdir}/info'
install_sh='${SHELL} /scratch/jxiao_ceres/glog-0.3.2/install-sh'
libdir='${exec_prefix}/lib'
libexecdir='${exec_prefix}/libexec'
localedir='${datarootdir}/locale'
localstatedir='${prefix}/var'
lt_ECHO='echo'
mandir='${datarootdir}/man'
mkdir_p='/bin/mkdir -p'
oldincludedir='/usr/include'
pdfdir='${docdir}'
prefix='/usr/local'
program_transform_name='s,x,x,'
psdir='${docdir}'
sbindir='${exec_prefix}/sbin'
sharedstatedir='${prefix}/com'
sysconfdir='${prefix}/etc'
target_alias=''

## ----------- ##
## confdefs.h. ##
## ----------- ##

/* confdefs.h */
#define PACKAGE_NAME "glog"
#define PACKAGE_TARNAME "glog"
#define PACKAGE_VERSION "0.3.2"
#define PACKAGE_STRING "glog 0.3.2"
#define PACKAGE_BUGREPORT "opensource@google.com"
#define PACKAGE_URL ""
#define PACKAGE "glog"
#define VERSION "0.3.2"
#define HAVE_SYS_TYPES_H 1
#define HAVE_SYS_STAT_H 1
#define HAVE_STDLIB_H 1
#define HAVE_STRING_H 1
#define HAVE_MEMORY_H 1
#define HAVE_STRINGS_H 1
#define HAVE_INTTYPES_H 1
#define HAVE_STDINT_H 1
#define HAVE_UNISTD_H 1
#define HAVE_DLFCN_H 1
#define LT_OBJDIR ".libs/"
#define HAVE_UNISTD_H 1
#define HAVE_SYSCALL_H 1
#define HAVE_SYS_SYSCALL_H 1
#define HAVE_EXECINFO_H 1
#define HAVE_UCONTEXT_H 1
#define HAVE_SYS_UTSNAME_H 1
#define HAVE_PWD_H 1
#define HAVE_SYSLOG_H 1
#define HAVE_SYS_TIME_H 1
#define HAVE_GLOB_H 1
#define SIZEOF_VOID_P 8
#define HAVE_SIGALTSTACK 1
#define HAVE_FCNTL 1
#define HAVE___ATTRIBUTE__ 1
#define HAVE___BUILTIN_EXPECT 1
#define HAVE___SYNC_VAL_COMPARE_AND_SWAP 1
#define HAVE_PTHREAD 1
#define HAVE_LIBPTHREAD 1
#define HAVE_LIB_GFLAGS 1
#define HAVE_RWLOCK 1
#define HAVE_NAMESPACES 1
#define STL_NAMESPACE std
#define GOOGLE_NAMESPACE google
#define _START_GOOGLE_NAMESPACE_ namespace google {
#define _END_GOOGLE_NAMESPACE_ }
#define HAVE_USING_OPERATOR 1
#define HAVE_UCONTEXT_H 1
#define HAVE_SYS_UCONTEXT_H 1
#define PC_FROM_UCONTEXT uc_mcontext.gregs[REG_RIP]
#define TEST_SRC_DIR "."

configure: exit 0
